[04-Aug-2025 15:42:07 UTC] Database connection established successfully at 2025-08-04 15:42:07
[04-Aug-2025 21:12:07 Asia/Kolkata] [Aug 04, 2025 - 09:12 PM IST] SportsMeet Manager functions.php loaded successfully for user: Guest
[04-Aug-2025 15:42:28 UTC] Database connection established successfully at 2025-08-04 15:42:28
[04-Aug-2025 21:12:28 Asia/Kolkata] [Aug 04, 2025 - 09:12 PM IST] SportsMeet Manager functions.php loaded successfully for user: Guest
[04-Aug-2025 15:44:58 UTC] Database connection established successfully at 2025-08-04 15:44:58
[04-Aug-2025 21:14:58 Asia/Kolkata] [Aug 04, 2025 - 09:14 PM IST] SportsMeet Manager functions.php loaded successfully for user: Guest
[04-Aug-2025 15:45:02 UTC] Database connection established successfully at 2025-08-04 15:45:02
[04-Aug-2025 21:15:02 Asia/Kolkata] [Aug 04, 2025 - 09:15 PM IST] SportsMeet Manager functions.php loaded successfully for user: Guest
[04-Aug-2025 15:45:08 UTC] Database connection established successfully at 2025-08-04 15:45:08
[04-Aug-2025 21:15:08 Asia/Kolkata] [Aug 04, 2025 - 09:15 PM IST] SportsMeet Manager functions.php loaded successfully for user: Guest
[04-Aug-2025 15:45:08 UTC] Database connection established successfully at 2025-08-04 15:45:08
[04-Aug-2025 21:15:08 Asia/Kolkata] [Aug 04, 2025 - 09:15 PM IST] SportsMeet Manager functions.php loaded successfully for user: System Administrator
[04-Aug-2025 15:45:14 UTC] Database connection established successfully at 2025-08-04 15:45:14
[04-Aug-2025 21:15:14 Asia/Kolkata] [Aug 04, 2025 - 09:15 PM IST] SportsMeet Manager functions.php loaded successfully for user: System Administrator
[04-Aug-2025 15:52:51 UTC] Database connection established successfully at 2025-08-04 15:52:51
[04-Aug-2025 21:22:51 Asia/Kolkata] [Aug 04, 2025 - 09:22 PM IST] SportsMeet Manager functions.php loaded successfully for user: System Administrator
[04-Aug-2025 15:52:53 UTC] Database connection established successfully at 2025-08-04 15:52:53
[04-Aug-2025 21:22:53 Asia/Kolkata] [Aug 04, 2025 - 09:22 PM IST] SportsMeet Manager functions.php loaded successfully for user: System Administrator
[04-Aug-2025 15:52:57 UTC] Database connection established successfully at 2025-08-04 15:52:57
[04-Aug-2025 21:22:57 Asia/Kolkata] [Aug 04, 2025 - 09:22 PM IST] SportsMeet Manager functions.php loaded successfully for user: System Administrator
[04-Aug-2025 15:52:57 UTC] Database connection established successfully at 2025-08-04 15:52:57
[04-Aug-2025 21:22:57 Asia/Kolkata] [Aug 04, 2025 - 09:22 PM IST] SportsMeet Manager functions.php loaded successfully for user: System Administrator
[04-Aug-2025 15:52:59 UTC] Database connection established successfully at 2025-08-04 15:52:59
[04-Aug-2025 21:22:59 Asia/Kolkata] [Aug 04, 2025 - 09:22 PM IST] SportsMeet Manager functions.php loaded successfully for user: System Administrator
[04-Aug-2025 15:54:22 UTC] Database connection established successfully at 2025-08-04 15:54:22
[04-Aug-2025 21:24:22 Asia/Kolkata] [Aug 04, 2025 - 09:24 PM IST] SportsMeet Manager functions.php loaded successfully for user: System Administrator
[04-Aug-2025 15:54:24 UTC] Database connection established successfully at 2025-08-04 15:54:24
[04-Aug-2025 21:24:24 Asia/Kolkata] [Aug 04, 2025 - 09:24 PM IST] SportsMeet Manager functions.php loaded successfully for user: System Administrator
[04-Aug-2025 15:54:26 UTC] Database connection established successfully at 2025-08-04 15:54:26
[04-Aug-2025 21:24:26 Asia/Kolkata] [Aug 04, 2025 - 09:24 PM IST] SportsMeet Manager functions.php loaded successfully for user: System Administrator
[04-Aug-2025 15:54:51 UTC] Database connection established successfully at 2025-08-04 15:54:51
[04-Aug-2025 21:24:51 Asia/Kolkata] [Aug 04, 2025 - 09:24 PM IST] SportsMeet Manager functions.php loaded successfully for user: System Administrator
[04-Aug-2025 15:54:52 UTC] Database connection established successfully at 2025-08-04 15:54:52
[04-Aug-2025 21:24:52 Asia/Kolkata] [Aug 04, 2025 - 09:24 PM IST] SportsMeet Manager functions.php loaded successfully for user: System Administrator
[04-Aug-2025 15:54:54 UTC] Database connection established successfully at 2025-08-04 15:54:54
[04-Aug-2025 21:24:54 Asia/Kolkata] [Aug 04, 2025 - 09:24 PM IST] SportsMeet Manager functions.php loaded successfully for user: System Administrator
[04-Aug-2025 15:54:55 UTC] Database connection established successfully at 2025-08-04 15:54:55
[04-Aug-2025 21:24:55 Asia/Kolkata] [Aug 04, 2025 - 09:24 PM IST] SportsMeet Manager functions.php loaded successfully for user: System Administrator
[04-Aug-2025 15:54:57 UTC] Database connection established successfully at 2025-08-04 15:54:57
[04-Aug-2025 21:24:57 Asia/Kolkata] [Aug 04, 2025 - 09:24 PM IST] SportsMeet Manager functions.php loaded successfully for user: System Administrator
[04-Aug-2025 15:54:59 UTC] Database connection established successfully at 2025-08-04 15:54:59
[04-Aug-2025 21:24:59 Asia/Kolkata] [Aug 04, 2025 - 09:24 PM IST] SportsMeet Manager functions.php loaded successfully for user: System Administrator
[04-Aug-2025 15:55:49 UTC] Database connection established successfully at 2025-08-04 15:55:49
[04-Aug-2025 21:25:49 Asia/Kolkata] [Aug 04, 2025 - 09:25 PM IST] SportsMeet Manager functions.php loaded successfully for user: System Administrator
[04-Aug-2025 15:55:50 UTC] Database connection established successfully at 2025-08-04 15:55:50
[04-Aug-2025 21:25:50 Asia/Kolkata] [Aug 04, 2025 - 09:25 PM IST] SportsMeet Manager functions.php loaded successfully for user: System Administrator
[04-Aug-2025 15:55:51 UTC] Database connection established successfully at 2025-08-04 15:55:51
[04-Aug-2025 21:25:51 Asia/Kolkata] [Aug 04, 2025 - 09:25 PM IST] SportsMeet Manager functions.php loaded successfully for user: System Administrator
[04-Aug-2025 15:55:52 UTC] Database connection established successfully at 2025-08-04 15:55:52
[04-Aug-2025 21:25:52 Asia/Kolkata] [Aug 04, 2025 - 09:25 PM IST] SportsMeet Manager functions.php loaded successfully for user: System Administrator
[04-Aug-2025 15:55:52 UTC] Database connection established successfully at 2025-08-04 15:55:52
[04-Aug-2025 21:25:52 Asia/Kolkata] [Aug 04, 2025 - 09:25 PM IST] SportsMeet Manager functions.php loaded successfully for user: System Administrator
[04-Aug-2025 15:55:53 UTC] Database connection established successfully at 2025-08-04 15:55:53
[04-Aug-2025 21:25:53 Asia/Kolkata] [Aug 04, 2025 - 09:25 PM IST] SportsMeet Manager functions.php loaded successfully for user: System Administrator
[04-Aug-2025 15:55:55 UTC] Database connection established successfully at 2025-08-04 15:55:55
[04-Aug-2025 21:25:55 Asia/Kolkata] [Aug 04, 2025 - 09:25 PM IST] SportsMeet Manager functions.php loaded successfully for user: System Administrator
[04-Aug-2025 15:55:56 UTC] Database connection established successfully at 2025-08-04 15:55:56
[04-Aug-2025 21:25:56 Asia/Kolkata] [Aug 04, 2025 - 09:25 PM IST] SportsMeet Manager functions.php loaded successfully for user: System Administrator
[04-Aug-2025 15:55:57 UTC] Database connection established successfully at 2025-08-04 15:55:57
[04-Aug-2025 21:25:57 Asia/Kolkata] [Aug 04, 2025 - 09:25 PM IST] SportsMeet Manager functions.php loaded successfully for user: System Administrator
[04-Aug-2025 15:55:57 UTC] Database connection established successfully at 2025-08-04 15:55:57
[04-Aug-2025 21:25:57 Asia/Kolkata] [Aug 04, 2025 - 09:25 PM IST] SportsMeet Manager functions.php loaded successfully for user: System Administrator
[04-Aug-2025 15:55:58 UTC] Database connection established successfully at 2025-08-04 15:55:58
[04-Aug-2025 21:25:58 Asia/Kolkata] [Aug 04, 2025 - 09:25 PM IST] SportsMeet Manager functions.php loaded successfully for user: System Administrator
[04-Aug-2025 15:56:29 UTC] Database connection established successfully at 2025-08-04 15:56:29
[04-Aug-2025 21:26:29 Asia/Kolkata] [Aug 04, 2025 - 09:26 PM IST] SportsMeet Manager functions.php loaded successfully for user: System Administrator
[04-Aug-2025 15:56:31 UTC] Database connection established successfully at 2025-08-04 15:56:31
[04-Aug-2025 21:26:31 Asia/Kolkata] [Aug 04, 2025 - 09:26 PM IST] SportsMeet Manager functions.php loaded successfully for user: System Administrator
[04-Aug-2025 15:56:33 UTC] Database connection established successfully at 2025-08-04 15:56:33
[04-Aug-2025 21:26:33 Asia/Kolkata] [Aug 04, 2025 - 09:26 PM IST] SportsMeet Manager functions.php loaded successfully for user: System Administrator
[04-Aug-2025 15:56:35 UTC] Database connection established successfully at 2025-08-04 15:56:35
[04-Aug-2025 21:26:35 Asia/Kolkata] [Aug 04, 2025 - 09:26 PM IST] SportsMeet Manager functions.php loaded successfully for user: System Administrator
[04-Aug-2025 15:56:36 UTC] Database connection established successfully at 2025-08-04 15:56:36
[04-Aug-2025 21:26:36 Asia/Kolkata] [Aug 04, 2025 - 09:26 PM IST] SportsMeet Manager functions.php loaded successfully for user: System Administrator
[04-Aug-2025 15:57:10 UTC] Database connection established successfully at 2025-08-04 15:57:10
[04-Aug-2025 21:27:10 Asia/Kolkata] [Aug 04, 2025 - 09:27 PM IST] SportsMeet Manager functions.php loaded successfully for user: System Administrator
[04-Aug-2025 15:57:32 UTC] Database connection established successfully at 2025-08-04 15:57:32
[04-Aug-2025 21:27:32 Asia/Kolkata] [Aug 04, 2025 - 09:27 PM IST] SportsMeet Manager functions.php loaded successfully for user: System Administrator
[04-Aug-2025 15:57:34 UTC] Database connection established successfully at 2025-08-04 15:57:34
[04-Aug-2025 21:27:34 Asia/Kolkata] [Aug 04, 2025 - 09:27 PM IST] SportsMeet Manager functions.php loaded successfully for user: System Administrator
[04-Aug-2025 16:03:58 UTC] Database connection established successfully at 2025-08-04 16:03:58
[04-Aug-2025 21:33:58 Asia/Kolkata] [Aug 04, 2025 - 09:33 PM IST] SportsMeet Manager functions.php loaded successfully for user: System Administrator
[04-Aug-2025 16:03:59 UTC] Database connection established successfully at 2025-08-04 16:03:59
[04-Aug-2025 21:33:59 Asia/Kolkata] [Aug 04, 2025 - 09:33 PM IST] SportsMeet Manager functions.php loaded successfully for user: System Administrator
[04-Aug-2025 16:05:25 UTC] Database connection established successfully at 2025-08-04 16:05:25
[04-Aug-2025 21:35:25 Asia/Kolkata] [Aug 04, 2025 - 09:35 PM IST] SportsMeet Manager functions.php loaded successfully for user: System Administrator
[04-Aug-2025 16:08:45 UTC] Database connection established successfully at 2025-08-04 16:08:45
[04-Aug-2025 21:38:45 Asia/Kolkata] [Aug 04, 2025 - 09:38 PM IST] SportsMeet Manager functions.php loaded successfully for user: System Administrator
[04-Aug-2025 16:08:48 UTC] Database connection established successfully at 2025-08-04 16:08:48
[04-Aug-2025 21:38:48 Asia/Kolkata] [Aug 04, 2025 - 09:38 PM IST] SportsMeet Manager functions.php loaded successfully for user: System Administrator
[04-Aug-2025 16:08:50 UTC] Database connection established successfully at 2025-08-04 16:08:50
[04-Aug-2025 21:38:50 Asia/Kolkata] [Aug 04, 2025 - 09:38 PM IST] SportsMeet Manager functions.php loaded successfully for user: System Administrator
[04-Aug-2025 16:09:03 UTC] Database connection established successfully at 2025-08-04 16:09:03
[04-Aug-2025 21:39:03 Asia/Kolkata] [Aug 04, 2025 - 09:39 PM IST] SportsMeet Manager functions.php loaded successfully for user: System Administrator
[04-Aug-2025 16:09:05 UTC] Database connection established successfully at 2025-08-04 16:09:05
[04-Aug-2025 21:39:05 Asia/Kolkata] [Aug 04, 2025 - 09:39 PM IST] SportsMeet Manager functions.php loaded successfully for user: System Administrator
[04-Aug-2025 16:09:19 UTC] Database connection established successfully at 2025-08-04 16:09:19
[04-Aug-2025 21:39:19 Asia/Kolkata] [Aug 04, 2025 - 09:39 PM IST] SportsMeet Manager functions.php loaded successfully for user: System Administrator
[04-Aug-2025 16:09:19 UTC] Database connection established successfully at 2025-08-04 16:09:19
[04-Aug-2025 21:39:19 Asia/Kolkata] [Aug 04, 2025 - 09:39 PM IST] SportsMeet Manager functions.php loaded successfully for user: System Administrator
[04-Aug-2025 16:12:22 UTC] Database connection established successfully at 2025-08-04 16:12:22
[04-Aug-2025 21:42:22 Asia/Kolkata] [Aug 04, 2025 - 09:42 PM IST] SportsMeet Manager functions.php loaded successfully for user: System Administrator
[04-Aug-2025 16:12:22 UTC] Database connection established successfully at 2025-08-04 16:12:22
[04-Aug-2025 21:42:22 Asia/Kolkata] [Aug 04, 2025 - 09:42 PM IST] SportsMeet Manager functions.php loaded successfully for user: System Administrator
[04-Aug-2025 16:12:23 UTC] Database connection established successfully at 2025-08-04 16:12:23
[04-Aug-2025 21:42:23 Asia/Kolkata] [Aug 04, 2025 - 09:42 PM IST] SportsMeet Manager functions.php loaded successfully for user: System Administrator
[04-Aug-2025 16:12:24 UTC] Database connection established successfully at 2025-08-04 16:12:24
[04-Aug-2025 21:42:24 Asia/Kolkata] [Aug 04, 2025 - 09:42 PM IST] SportsMeet Manager functions.php loaded successfully for user: System Administrator
[04-Aug-2025 16:12:25 UTC] Database connection established successfully at 2025-08-04 16:12:25
[04-Aug-2025 21:42:25 Asia/Kolkata] [Aug 04, 2025 - 09:42 PM IST] SportsMeet Manager functions.php loaded successfully for user: System Administrator
[04-Aug-2025 16:12:26 UTC] Database connection established successfully at 2025-08-04 16:12:26
[04-Aug-2025 21:42:26 Asia/Kolkata] [Aug 04, 2025 - 09:42 PM IST] SportsMeet Manager functions.php loaded successfully for user: System Administrator
[04-Aug-2025 16:12:27 UTC] Database connection established successfully at 2025-08-04 16:12:27
[04-Aug-2025 21:42:27 Asia/Kolkata] [Aug 04, 2025 - 09:42 PM IST] SportsMeet Manager functions.php loaded successfully for user: System Administrator
[04-Aug-2025 16:12:28 UTC] Database connection established successfully at 2025-08-04 16:12:28
[04-Aug-2025 21:42:28 Asia/Kolkata] [Aug 04, 2025 - 09:42 PM IST] SportsMeet Manager functions.php loaded successfully for user: System Administrator
[04-Aug-2025 16:12:28 UTC] Database connection established successfully at 2025-08-04 16:12:28
[04-Aug-2025 21:42:28 Asia/Kolkata] [Aug 04, 2025 - 09:42 PM IST] SportsMeet Manager functions.php loaded successfully for user: System Administrator
[04-Aug-2025 16:12:29 UTC] Database connection established successfully at 2025-08-04 16:12:29
[04-Aug-2025 21:42:29 Asia/Kolkata] [Aug 04, 2025 - 09:42 PM IST] SportsMeet Manager functions.php loaded successfully for user: System Administrator
[04-Aug-2025 16:12:29 UTC] Database connection established successfully at 2025-08-04 16:12:29
[04-Aug-2025 21:42:29 Asia/Kolkata] [Aug 04, 2025 - 09:42 PM IST] SportsMeet Manager functions.php loaded successfully for user: System Administrator
[04-Aug-2025 16:12:30 UTC] Database connection established successfully at 2025-08-04 16:12:30
[04-Aug-2025 21:42:30 Asia/Kolkata] [Aug 04, 2025 - 09:42 PM IST] SportsMeet Manager functions.php loaded successfully for user: System Administrator
[04-Aug-2025 16:13:17 UTC] Database connection established successfully at 2025-08-04 16:13:17
[04-Aug-2025 21:43:17 Asia/Kolkata] [Aug 04, 2025 - 09:43 PM IST] SportsMeet Manager functions.php loaded successfully for user: System Administrator
[04-Aug-2025 16:13:20 UTC] Database connection established successfully at 2025-08-04 16:13:20
[04-Aug-2025 21:43:20 Asia/Kolkata] [Aug 04, 2025 - 09:43 PM IST] SportsMeet Manager functions.php loaded successfully for user: System Administrator
[04-Aug-2025 16:13:21 UTC] Database connection established successfully at 2025-08-04 16:13:21
[04-Aug-2025 21:43:21 Asia/Kolkata] [Aug 04, 2025 - 09:43 PM IST] SportsMeet Manager functions.php loaded successfully for user: System Administrator
[04-Aug-2025 16:17:16 UTC] Database connection established successfully at 2025-08-04 16:17:16
[04-Aug-2025 21:47:16 Asia/Kolkata] [Aug 04, 2025 - 09:47 PM IST] SportsMeet Manager functions.php loaded successfully for user: System Administrator
[04-Aug-2025 16:17:19 UTC] Database connection established successfully at 2025-08-04 16:17:19
[04-Aug-2025 21:47:19 Asia/Kolkata] [Aug 04, 2025 - 09:47 PM IST] SportsMeet Manager functions.php loaded successfully for user: System Administrator
[04-Aug-2025 16:17:20 UTC] Database connection established successfully at 2025-08-04 16:17:20
[04-Aug-2025 21:47:20 Asia/Kolkata] [Aug 04, 2025 - 09:47 PM IST] SportsMeet Manager functions.php loaded successfully for user: System Administrator
[04-Aug-2025 16:17:21 UTC] Database connection established successfully at 2025-08-04 16:17:21
[04-Aug-2025 21:47:21 Asia/Kolkata] [Aug 04, 2025 - 09:47 PM IST] SportsMeet Manager functions.php loaded successfully for user: System Administrator
[04-Aug-2025 16:17:21 UTC] Database connection established successfully at 2025-08-04 16:17:21
[04-Aug-2025 21:47:21 Asia/Kolkata] [Aug 04, 2025 - 09:47 PM IST] SportsMeet Manager functions.php loaded successfully for user: System Administrator
[04-Aug-2025 16:17:22 UTC] Database connection established successfully at 2025-08-04 16:17:22
[04-Aug-2025 21:47:22 Asia/Kolkata] [Aug 04, 2025 - 09:47 PM IST] SportsMeet Manager functions.php loaded successfully for user: System Administrator
[04-Aug-2025 16:17:25 UTC] Database connection established successfully at 2025-08-04 16:17:25
[04-Aug-2025 21:47:25 Asia/Kolkata] [Aug 04, 2025 - 09:47 PM IST] SportsMeet Manager functions.php loaded successfully for user: System Administrator
[04-Aug-2025 16:17:27 UTC] Database connection established successfully at 2025-08-04 16:17:27
[04-Aug-2025 21:47:27 Asia/Kolkata] [Aug 04, 2025 - 09:47 PM IST] SportsMeet Manager functions.php loaded successfully for user: System Administrator
[04-Aug-2025 16:17:29 UTC] Database connection established successfully at 2025-08-04 16:17:29
[04-Aug-2025 21:47:29 Asia/Kolkata] [Aug 04, 2025 - 09:47 PM IST] SportsMeet Manager functions.php loaded successfully for user: System Administrator
[04-Aug-2025 16:17:30 UTC] Database connection established successfully at 2025-08-04 16:17:30
[04-Aug-2025 21:47:30 Asia/Kolkata] [Aug 04, 2025 - 09:47 PM IST] SportsMeet Manager functions.php loaded successfully for user: System Administrator
[04-Aug-2025 16:18:15 UTC] Database connection established successfully at 2025-08-04 16:18:15
[04-Aug-2025 21:48:15 Asia/Kolkata] [Aug 04, 2025 - 09:48 PM IST] SportsMeet Manager functions.php loaded successfully for user: System Administrator
[04-Aug-2025 16:18:20 UTC] Database connection established successfully at 2025-08-04 16:18:20
[04-Aug-2025 21:48:20 Asia/Kolkata] [Aug 04, 2025 - 09:48 PM IST] SportsMeet Manager functions.php loaded successfully for user: System Administrator
[04-Aug-2025 16:18:25 UTC] Database connection established successfully at 2025-08-04 16:18:25
[04-Aug-2025 21:48:25 Asia/Kolkata] [Aug 04, 2025 - 09:48 PM IST] SportsMeet Manager functions.php loaded successfully for user: System Administrator
[04-Aug-2025 16:18:28 UTC] Database connection established successfully at 2025-08-04 16:18:28
[04-Aug-2025 21:48:28 Asia/Kolkata] [Aug 04, 2025 - 09:48 PM IST] SportsMeet Manager functions.php loaded successfully for user: Guest
[04-Aug-2025 16:18:40 UTC] Database connection established successfully at 2025-08-04 16:18:40
[04-Aug-2025 21:48:40 Asia/Kolkata] [Aug 04, 2025 - 09:48 PM IST] SportsMeet Manager functions.php loaded successfully for user: Guest
[04-Aug-2025 16:18:40 UTC] Database connection established successfully at 2025-08-04 16:18:40
[04-Aug-2025 21:48:40 Asia/Kolkata] [Aug 04, 2025 - 09:48 PM IST] SportsMeet Manager functions.php loaded successfully for user: ace
[04-Aug-2025 16:18:45 UTC] Database connection established successfully at 2025-08-04 16:18:45
[04-Aug-2025 21:48:45 Asia/Kolkata] [Aug 04, 2025 - 09:48 PM IST] SportsMeet Manager functions.php loaded successfully for user: ace
[04-Aug-2025 16:18:48 UTC] Database connection established successfully at 2025-08-04 16:18:48
[04-Aug-2025 21:48:48 Asia/Kolkata] [Aug 04, 2025 - 09:48 PM IST] SportsMeet Manager functions.php loaded successfully for user: ace
[04-Aug-2025 16:18:50 UTC] Database connection established successfully at 2025-08-04 16:18:50
[04-Aug-2025 21:48:50 Asia/Kolkata] [Aug 04, 2025 - 09:48 PM IST] SportsMeet Manager functions.php loaded successfully for user: ace
[04-Aug-2025 16:19:53 UTC] Database connection established successfully at 2025-08-04 16:19:53
[04-Aug-2025 21:49:53 Asia/Kolkata] [Aug 04, 2025 - 09:49 PM IST] SportsMeet Manager functions.php loaded successfully for user: ace
[04-Aug-2025 16:19:55 UTC] Database connection established successfully at 2025-08-04 16:19:55
[04-Aug-2025 21:49:55 Asia/Kolkata] [Aug 04, 2025 - 09:49 PM IST] SportsMeet Manager functions.php loaded successfully for user: ace
[04-Aug-2025 16:21:46 UTC] Database connection established successfully at 2025-08-04 16:21:46
[04-Aug-2025 21:51:46 Asia/Kolkata] [Aug 04, 2025 - 09:51 PM IST] SportsMeet Manager functions.php loaded successfully for user: ace
[04-Aug-2025 16:21:48 UTC] Database connection established successfully at 2025-08-04 16:21:48
[04-Aug-2025 21:51:48 Asia/Kolkata] [Aug 04, 2025 - 09:51 PM IST] SportsMeet Manager functions.php loaded successfully for user: ace
[04-Aug-2025 16:21:55 UTC] Database connection established successfully at 2025-08-04 16:21:55
[04-Aug-2025 21:51:55 Asia/Kolkata] [Aug 04, 2025 - 09:51 PM IST] SportsMeet Manager functions.php loaded successfully for user: ace
[04-Aug-2025 16:21:56 UTC] Database connection established successfully at 2025-08-04 16:21:56
[04-Aug-2025 21:51:56 Asia/Kolkata] [Aug 04, 2025 - 09:51 PM IST] SportsMeet Manager functions.php loaded successfully for user: ace
[04-Aug-2025 16:22:19 UTC] Database connection established successfully at 2025-08-04 16:22:19
[04-Aug-2025 21:52:19 Asia/Kolkata] [Aug 04, 2025 - 09:52 PM IST] SportsMeet Manager functions.php loaded successfully for user: ace
[04-Aug-2025 16:22:21 UTC] Database connection established successfully at 2025-08-04 16:22:21
[04-Aug-2025 21:52:21 Asia/Kolkata] [Aug 04, 2025 - 09:52 PM IST] SportsMeet Manager functions.php loaded successfully for user: ace
[04-Aug-2025 16:22:23 UTC] Database connection established successfully at 2025-08-04 16:22:23
[04-Aug-2025 21:52:23 Asia/Kolkata] [Aug 04, 2025 - 09:52 PM IST] SportsMeet Manager functions.php loaded successfully for user: ace
[04-Aug-2025 16:22:24 UTC] Database connection established successfully at 2025-08-04 16:22:24
[04-Aug-2025 21:52:24 Asia/Kolkata] [Aug 04, 2025 - 09:52 PM IST] SportsMeet Manager functions.php loaded successfully for user: ace
[04-Aug-2025 16:22:25 UTC] Database connection established successfully at 2025-08-04 16:22:25
[04-Aug-2025 21:52:25 Asia/Kolkata] [Aug 04, 2025 - 09:52 PM IST] SportsMeet Manager functions.php loaded successfully for user: ace
[04-Aug-2025 16:22:26 UTC] Database connection established successfully at 2025-08-04 16:22:26
[04-Aug-2025 21:52:26 Asia/Kolkata] [Aug 04, 2025 - 09:52 PM IST] SportsMeet Manager functions.php loaded successfully for user: ace
[04-Aug-2025 16:22:27 UTC] Database connection established successfully at 2025-08-04 16:22:27
[04-Aug-2025 21:52:27 Asia/Kolkata] [Aug 04, 2025 - 09:52 PM IST] SportsMeet Manager functions.php loaded successfully for user: ace
[04-Aug-2025 16:22:31 UTC] Database connection established successfully at 2025-08-04 16:22:31
[04-Aug-2025 21:52:31 Asia/Kolkata] [Aug 04, 2025 - 09:52 PM IST] SportsMeet Manager functions.php loaded successfully for user: ace
[04-Aug-2025 16:22:35 UTC] Database connection established successfully at 2025-08-04 16:22:35
[04-Aug-2025 21:52:35 Asia/Kolkata] [Aug 04, 2025 - 09:52 PM IST] SportsMeet Manager functions.php loaded successfully for user: ace
[04-Aug-2025 16:22:38 UTC] Database connection established successfully at 2025-08-04 16:22:38
[04-Aug-2025 21:52:38 Asia/Kolkata] [Aug 04, 2025 - 09:52 PM IST] SportsMeet Manager functions.php loaded successfully for user: ace
[04-Aug-2025 16:22:39 UTC] Database connection established successfully at 2025-08-04 16:22:39
[04-Aug-2025 21:52:39 Asia/Kolkata] [Aug 04, 2025 - 09:52 PM IST] SportsMeet Manager functions.php loaded successfully for user: ace
[04-Aug-2025 16:22:41 UTC] Database connection established successfully at 2025-08-04 16:22:41
[04-Aug-2025 21:52:41 Asia/Kolkata] [Aug 04, 2025 - 09:52 PM IST] SportsMeet Manager functions.php loaded successfully for user: ace
[04-Aug-2025 16:22:42 UTC] Database connection established successfully at 2025-08-04 16:22:42
[04-Aug-2025 21:52:42 Asia/Kolkata] [Aug 04, 2025 - 09:52 PM IST] SportsMeet Manager functions.php loaded successfully for user: ace
[04-Aug-2025 16:22:43 UTC] Database connection established successfully at 2025-08-04 16:22:43
[04-Aug-2025 21:52:43 Asia/Kolkata] [Aug 04, 2025 - 09:52 PM IST] SportsMeet Manager functions.php loaded successfully for user: ace
[04-Aug-2025 16:22:44 UTC] Database connection established successfully at 2025-08-04 16:22:44
[04-Aug-2025 21:52:44 Asia/Kolkata] [Aug 04, 2025 - 09:52 PM IST] SportsMeet Manager functions.php loaded successfully for user: ace
[04-Aug-2025 16:22:47 UTC] Database connection established successfully at 2025-08-04 16:22:47
[04-Aug-2025 21:52:47 Asia/Kolkata] [Aug 04, 2025 - 09:52 PM IST] SportsMeet Manager functions.php loaded successfully for user: ace
[04-Aug-2025 16:22:52 UTC] Database connection established successfully at 2025-08-04 16:22:52
[04-Aug-2025 21:52:52 Asia/Kolkata] [Aug 04, 2025 - 09:52 PM IST] SportsMeet Manager functions.php loaded successfully for user: ace
[04-Aug-2025 16:22:55 UTC] Database connection established successfully at 2025-08-04 16:22:55
[04-Aug-2025 21:52:55 Asia/Kolkata] [Aug 04, 2025 - 09:52 PM IST] SportsMeet Manager functions.php loaded successfully for user: ace
[04-Aug-2025 16:23:00 UTC] Database connection established successfully at 2025-08-04 16:23:00
[04-Aug-2025 21:53:00 Asia/Kolkata] [Aug 04, 2025 - 09:53 PM IST] SportsMeet Manager functions.php loaded successfully for user: ace
[04-Aug-2025 16:23:03 UTC] Database connection established successfully at 2025-08-04 16:23:03
[04-Aug-2025 21:53:03 Asia/Kolkata] [Aug 04, 2025 - 09:53 PM IST] SportsMeet Manager functions.php loaded successfully for user: ace
[04-Aug-2025 16:23:04 UTC] Database connection established successfully at 2025-08-04 16:23:04
[04-Aug-2025 21:53:04 Asia/Kolkata] [Aug 04, 2025 - 09:53 PM IST] SportsMeet Manager functions.php loaded successfully for user: ace
[04-Aug-2025 16:23:05 UTC] Database connection established successfully at 2025-08-04 16:23:05
[04-Aug-2025 16:23:05 UTC] Database cleanup completed
[04-Aug-2025 21:53:05 Asia/Kolkata] [Aug 04, 2025 - 09:53 PM IST] SportsMeet Manager functions.php loaded successfully for user: ace
[04-Aug-2025 16:23:07 UTC] Database connection established successfully at 2025-08-04 16:23:07
[04-Aug-2025 21:53:07 Asia/Kolkata] [Aug 04, 2025 - 09:53 PM IST] SportsMeet Manager functions.php loaded successfully for user: ace
[04-Aug-2025 16:23:08 UTC] Database connection established successfully at 2025-08-04 16:23:08
[04-Aug-2025 21:53:08 Asia/Kolkata] [Aug 04, 2025 - 09:53 PM IST] SportsMeet Manager functions.php loaded successfully for user: ace
[04-Aug-2025 16:23:09 UTC] Database connection established successfully at 2025-08-04 16:23:09
[04-Aug-2025 21:53:09 Asia/Kolkata] [Aug 04, 2025 - 09:53 PM IST] SportsMeet Manager functions.php loaded successfully for user: ace
[04-Aug-2025 16:23:10 UTC] Database connection established successfully at 2025-08-04 16:23:10
[04-Aug-2025 21:53:10 Asia/Kolkata] [Aug 04, 2025 - 09:53 PM IST] SportsMeet Manager functions.php loaded successfully for user: ace
[04-Aug-2025 16:23:10 UTC] Database connection established successfully at 2025-08-04 16:23:10
[04-Aug-2025 21:53:10 Asia/Kolkata] [Aug 04, 2025 - 09:53 PM IST] SportsMeet Manager functions.php loaded successfully for user: ace
[04-Aug-2025 16:23:11 UTC] Database connection established successfully at 2025-08-04 16:23:11
[04-Aug-2025 21:53:11 Asia/Kolkata] [Aug 04, 2025 - 09:53 PM IST] SportsMeet Manager functions.php loaded successfully for user: ace
[04-Aug-2025 16:23:11 UTC] Database connection established successfully at 2025-08-04 16:23:11
[04-Aug-2025 21:53:11 Asia/Kolkata] [Aug 04, 2025 - 09:53 PM IST] SportsMeet Manager functions.php loaded successfully for user: ace
[04-Aug-2025 16:23:12 UTC] Database connection established successfully at 2025-08-04 16:23:12
[04-Aug-2025 21:53:12 Asia/Kolkata] [Aug 04, 2025 - 09:53 PM IST] SportsMeet Manager functions.php loaded successfully for user: ace
[04-Aug-2025 16:23:12 UTC] Database connection established successfully at 2025-08-04 16:23:12
[04-Aug-2025 21:53:12 Asia/Kolkata] [Aug 04, 2025 - 09:53 PM IST] SportsMeet Manager functions.php loaded successfully for user: ace
[04-Aug-2025 16:24:25 UTC] Database connection established successfully at 2025-08-04 16:24:25
[04-Aug-2025 21:54:25 Asia/Kolkata] [Aug 04, 2025 - 09:54 PM IST] SportsMeet Manager functions.php loaded successfully for user: ace
[04-Aug-2025 16:24:25 UTC] Database connection established successfully at 2025-08-04 16:24:25
[04-Aug-2025 21:54:25 Asia/Kolkata] [Aug 04, 2025 - 09:54 PM IST] SportsMeet Manager functions.php loaded successfully for user: ace
[04-Aug-2025 16:24:27 UTC] Database connection established successfully at 2025-08-04 16:24:27
[04-Aug-2025 21:54:27 Asia/Kolkata] [Aug 04, 2025 - 09:54 PM IST] SportsMeet Manager functions.php loaded successfully for user: ace
[04-Aug-2025 16:24:28 UTC] Database connection established successfully at 2025-08-04 16:24:28
[04-Aug-2025 21:54:28 Asia/Kolkata] [Aug 04, 2025 - 09:54 PM IST] SportsMeet Manager functions.php loaded successfully for user: ace
[04-Aug-2025 16:24:29 UTC] Database connection established successfully at 2025-08-04 16:24:29
[04-Aug-2025 21:54:29 Asia/Kolkata] [Aug 04, 2025 - 09:54 PM IST] SportsMeet Manager functions.php loaded successfully for user: ace
[04-Aug-2025 16:24:36 UTC] Database connection established successfully at 2025-08-04 16:24:36
[04-Aug-2025 21:54:36 Asia/Kolkata] [Aug 04, 2025 - 09:54 PM IST] SportsMeet Manager functions.php loaded successfully for user: ace
[04-Aug-2025 16:24:41 UTC] Database connection established successfully at 2025-08-04 16:24:41
[04-Aug-2025 21:54:41 Asia/Kolkata] [Aug 04, 2025 - 09:54 PM IST] SportsMeet Manager functions.php loaded successfully for user: ace
[04-Aug-2025 16:24:44 UTC] Database connection established successfully at 2025-08-04 16:24:44
[04-Aug-2025 21:54:44 Asia/Kolkata] [Aug 04, 2025 - 09:54 PM IST] SportsMeet Manager functions.php loaded successfully for user: ace
[04-Aug-2025 16:24:49 UTC] Database connection established successfully at 2025-08-04 16:24:49
[04-Aug-2025 21:54:49 Asia/Kolkata] [Aug 04, 2025 - 09:54 PM IST] SportsMeet Manager functions.php loaded successfully for user: ace
[04-Aug-2025 16:24:53 UTC] Database connection established successfully at 2025-08-04 16:24:53
[04-Aug-2025 21:54:53 Asia/Kolkata] [Aug 04, 2025 - 09:54 PM IST] SportsMeet Manager functions.php loaded successfully for user: ace
[04-Aug-2025 16:25:12 UTC] Database connection established successfully at 2025-08-04 16:25:12
[04-Aug-2025 16:25:12 UTC] Database cleanup completed
[04-Aug-2025 21:55:12 Asia/Kolkata] [Aug 04, 2025 - 09:55 PM IST] SportsMeet Manager functions.php loaded successfully for user: ace
[04-Aug-2025 16:25:13 UTC] Database connection established successfully at 2025-08-04 16:25:13
[04-Aug-2025 21:55:13 Asia/Kolkata] [Aug 04, 2025 - 09:55 PM IST] SportsMeet Manager functions.php loaded successfully for user: ace
[04-Aug-2025 16:25:14 UTC] Database connection established successfully at 2025-08-04 16:25:14
[04-Aug-2025 21:55:14 Asia/Kolkata] [Aug 04, 2025 - 09:55 PM IST] SportsMeet Manager functions.php loaded successfully for user: ace
[04-Aug-2025 16:25:15 UTC] Database connection established successfully at 2025-08-04 16:25:15
[04-Aug-2025 21:55:15 Asia/Kolkata] [Aug 04, 2025 - 09:55 PM IST] SportsMeet Manager functions.php loaded successfully for user: ace
[04-Aug-2025 16:25:18 UTC] Database connection established successfully at 2025-08-04 16:25:18
[04-Aug-2025 21:55:18 Asia/Kolkata] [Aug 04, 2025 - 09:55 PM IST] SportsMeet Manager functions.php loaded successfully for user: ace
[04-Aug-2025 16:25:20 UTC] Database connection established successfully at 2025-08-04 16:25:20
[04-Aug-2025 21:55:20 Asia/Kolkata] [Aug 04, 2025 - 09:55 PM IST] SportsMeet Manager functions.php loaded successfully for user: ace
[04-Aug-2025 16:25:21 UTC] Database connection established successfully at 2025-08-04 16:25:21
[04-Aug-2025 21:55:21 Asia/Kolkata] [Aug 04, 2025 - 09:55 PM IST] SportsMeet Manager functions.php loaded successfully for user: ace
[04-Aug-2025 16:25:26 UTC] Database connection established successfully at 2025-08-04 16:25:26
[04-Aug-2025 21:55:26 Asia/Kolkata] [Aug 04, 2025 - 09:55 PM IST] SportsMeet Manager functions.php loaded successfully for user: ace
[04-Aug-2025 16:25:27 UTC] Database connection established successfully at 2025-08-04 16:25:27
[04-Aug-2025 21:55:28 Asia/Kolkata] [Aug 04, 2025 - 09:55 PM IST] SportsMeet Manager functions.php loaded successfully for user: ace
[04-Aug-2025 16:25:43 UTC] Database connection established successfully at 2025-08-04 16:25:43
[04-Aug-2025 21:55:43 Asia/Kolkata] [Aug 04, 2025 - 09:55 PM IST] SportsMeet Manager functions.php loaded successfully for user: ace
[04-Aug-2025 16:25:47 UTC] Database connection established successfully at 2025-08-04 16:25:47
[04-Aug-2025 21:55:47 Asia/Kolkata] [Aug 04, 2025 - 09:55 PM IST] SportsMeet Manager functions.php loaded successfully for user: ace
[04-Aug-2025 16:25:52 UTC] Database connection established successfully at 2025-08-04 16:25:52
[04-Aug-2025 21:55:52 Asia/Kolkata] [Aug 04, 2025 - 09:55 PM IST] SportsMeet Manager functions.php loaded successfully for user: ace
[04-Aug-2025 16:25:59 UTC] Database connection established successfully at 2025-08-04 16:25:59
[04-Aug-2025 21:55:59 Asia/Kolkata] [Aug 04, 2025 - 09:55 PM IST] SportsMeet Manager functions.php loaded successfully for user: ace
[04-Aug-2025 16:26:03 UTC] Database connection established successfully at 2025-08-04 16:26:03
[04-Aug-2025 21:56:03 Asia/Kolkata] [Aug 04, 2025 - 09:56 PM IST] SportsMeet Manager functions.php loaded successfully for user: ace
[04-Aug-2025 16:26:10 UTC] Database connection established successfully at 2025-08-04 16:26:10
[04-Aug-2025 21:56:10 Asia/Kolkata] [Aug 04, 2025 - 09:56 PM IST] SportsMeet Manager functions.php loaded successfully for user: ace
[04-Aug-2025 16:26:23 UTC] Database connection established successfully at 2025-08-04 16:26:23
[04-Aug-2025 21:56:23 Asia/Kolkata] [Aug 04, 2025 - 09:56 PM IST] SportsMeet Manager functions.php loaded successfully for user: System Administrator
[04-Aug-2025 16:26:55 UTC] Database connection established successfully at 2025-08-04 16:26:55
[04-Aug-2025 21:56:55 Asia/Kolkata] [Aug 04, 2025 - 09:56 PM IST] SportsMeet Manager functions.php loaded successfully for user: System Administrator
[04-Aug-2025 16:26:58 UTC] Database connection established successfully at 2025-08-04 16:26:58
[04-Aug-2025 21:56:58 Asia/Kolkata] [Aug 04, 2025 - 09:56 PM IST] SportsMeet Manager functions.php loaded successfully for user: ace
[04-Aug-2025 16:27:01 UTC] Database connection established successfully at 2025-08-04 16:27:01
[04-Aug-2025 21:57:01 Asia/Kolkata] [Aug 04, 2025 - 09:57 PM IST] SportsMeet Manager functions.php loaded successfully for user: ace
[04-Aug-2025 16:27:06 UTC] Database connection established successfully at 2025-08-04 16:27:06
[04-Aug-2025 21:57:06 Asia/Kolkata] [Aug 04, 2025 - 09:57 PM IST] SportsMeet Manager functions.php loaded successfully for user: System Administrator
[04-Aug-2025 16:27:13 UTC] Database connection established successfully at 2025-08-04 16:27:13
[04-Aug-2025 21:57:13 Asia/Kolkata] [Aug 04, 2025 - 09:57 PM IST] SportsMeet Manager functions.php loaded successfully for user: ace
[04-Aug-2025 16:27:15 UTC] Database connection established successfully at 2025-08-04 16:27:15
[04-Aug-2025 21:57:15 Asia/Kolkata] [Aug 04, 2025 - 09:57 PM IST] SportsMeet Manager functions.php loaded successfully for user: ace
[04-Aug-2025 16:27:16 UTC] Database connection established successfully at 2025-08-04 16:27:16
[04-Aug-2025 21:57:16 Asia/Kolkata] [Aug 04, 2025 - 09:57 PM IST] SportsMeet Manager functions.php loaded successfully for user: ace
[04-Aug-2025 16:27:18 UTC] Database connection established successfully at 2025-08-04 16:27:18
[04-Aug-2025 21:57:18 Asia/Kolkata] [Aug 04, 2025 - 09:57 PM IST] SportsMeet Manager functions.php loaded successfully for user: ace
[04-Aug-2025 16:27:22 UTC] Database connection established successfully at 2025-08-04 16:27:22
[04-Aug-2025 21:57:22 Asia/Kolkata] [Aug 04, 2025 - 09:57 PM IST] SportsMeet Manager functions.php loaded successfully for user: ace
[04-Aug-2025 16:27:28 UTC] Database connection established successfully at 2025-08-04 16:27:28
[04-Aug-2025 21:57:28 Asia/Kolkata] [Aug 04, 2025 - 09:57 PM IST] SportsMeet Manager functions.php loaded successfully for user: ace
[04-Aug-2025 16:27:31 UTC] Database connection established successfully at 2025-08-04 16:27:31
[04-Aug-2025 21:57:31 Asia/Kolkata] [Aug 04, 2025 - 09:57 PM IST] SportsMeet Manager functions.php loaded successfully for user: ace
[04-Aug-2025 16:27:32 UTC] Database connection established successfully at 2025-08-04 16:27:32
[04-Aug-2025 21:57:32 Asia/Kolkata] [Aug 04, 2025 - 09:57 PM IST] SportsMeet Manager functions.php loaded successfully for user: ace
[04-Aug-2025 16:27:34 UTC] Database connection established successfully at 2025-08-04 16:27:34
[04-Aug-2025 16:27:35 UTC] Database connection established successfully at 2025-08-04 16:27:35
[04-Aug-2025 21:57:35 Asia/Kolkata] [Aug 04, 2025 - 09:57 PM IST] SportsMeet Manager functions.php loaded successfully for user: Guest
[04-Aug-2025 16:27:43 UTC] Database connection established successfully at 2025-08-04 16:27:43
[04-Aug-2025 21:57:43 Asia/Kolkata] [Aug 04, 2025 - 09:57 PM IST] SportsMeet Manager functions.php loaded successfully for user: Guest
[04-Aug-2025 16:27:47 UTC] Database connection established successfully at 2025-08-04 16:27:47
[04-Aug-2025 21:57:47 Asia/Kolkata] [Aug 04, 2025 - 09:57 PM IST] SportsMeet Manager functions.php loaded successfully for user: Guest
[04-Aug-2025 16:27:51 UTC] Database connection established successfully at 2025-08-04 16:27:51
[04-Aug-2025 21:57:51 Asia/Kolkata] [Aug 04, 2025 - 09:57 PM IST] SportsMeet Manager functions.php loaded successfully for user: Guest
[04-Aug-2025 16:27:59 UTC] Database connection established successfully at 2025-08-04 16:27:59
[04-Aug-2025 21:57:59 Asia/Kolkata] [Aug 04, 2025 - 09:57 PM IST] SportsMeet Manager functions.php loaded successfully for user: Guest
[04-Aug-2025 16:27:59 UTC] Database connection established successfully at 2025-08-04 16:27:59
[04-Aug-2025 21:57:59 Asia/Kolkata] [Aug 04, 2025 - 09:57 PM IST] SportsMeet Manager functions.php loaded successfully for user: test
[04-Aug-2025 16:28:02 UTC] Database connection established successfully at 2025-08-04 16:28:02
[04-Aug-2025 21:58:02 Asia/Kolkata] [Aug 04, 2025 - 09:58 PM IST] SportsMeet Manager functions.php loaded successfully for user: test
[04-Aug-2025 16:28:07 UTC] Database connection established successfully at 2025-08-04 16:28:07
[04-Aug-2025 21:58:07 Asia/Kolkata] [Aug 04, 2025 - 09:58 PM IST] SportsMeet Manager functions.php loaded successfully for user: test
[04-Aug-2025 16:28:14 UTC] Database connection established successfully at 2025-08-04 16:28:14
[04-Aug-2025 21:58:14 Asia/Kolkata] [Aug 04, 2025 - 09:58 PM IST] SportsMeet Manager functions.php loaded successfully for user: test
[04-Aug-2025 16:28:21 UTC] Database connection established successfully at 2025-08-04 16:28:21
[04-Aug-2025 21:58:21 Asia/Kolkata] [Aug 04, 2025 - 09:58 PM IST] SportsMeet Manager functions.php loaded successfully for user: System Administrator
[04-Aug-2025 16:28:28 UTC] Database connection established successfully at 2025-08-04 16:28:28
[04-Aug-2025 21:58:28 Asia/Kolkata] [Aug 04, 2025 - 09:58 PM IST] SportsMeet Manager functions.php loaded successfully for user: System Administrator
[04-Aug-2025 16:28:30 UTC] Database connection established successfully at 2025-08-04 16:28:30
[04-Aug-2025 21:58:30 Asia/Kolkata] [Aug 04, 2025 - 09:58 PM IST] SportsMeet Manager functions.php loaded successfully for user: System Administrator
[04-Aug-2025 16:28:34 UTC] Database connection established successfully at 2025-08-04 16:28:34
[04-Aug-2025 21:58:34 Asia/Kolkata] [Aug 04, 2025 - 09:58 PM IST] SportsMeet Manager functions.php loaded successfully for user: test
[04-Aug-2025 16:28:35 UTC] Database connection established successfully at 2025-08-04 16:28:35
[04-Aug-2025 21:58:35 Asia/Kolkata] [Aug 04, 2025 - 09:58 PM IST] SportsMeet Manager functions.php loaded successfully for user: test
[04-Aug-2025 16:28:39 UTC] Database connection established successfully at 2025-08-04 16:28:39
[04-Aug-2025 21:58:39 Asia/Kolkata] [Aug 04, 2025 - 09:58 PM IST] SportsMeet Manager functions.php loaded successfully for user: test
[04-Aug-2025 16:28:41 UTC] Database connection established successfully at 2025-08-04 16:28:41
[04-Aug-2025 21:58:41 Asia/Kolkata] [Aug 04, 2025 - 09:58 PM IST] SportsMeet Manager functions.php loaded successfully for user: test
[04-Aug-2025 16:28:45 UTC] Database connection established successfully at 2025-08-04 16:28:45
[04-Aug-2025 21:58:45 Asia/Kolkata] [Aug 04, 2025 - 09:58 PM IST] SportsMeet Manager functions.php loaded successfully for user: test
[04-Aug-2025 16:28:47 UTC] Database connection established successfully at 2025-08-04 16:28:47
[04-Aug-2025 21:58:47 Asia/Kolkata] [Aug 04, 2025 - 09:58 PM IST] SportsMeet Manager functions.php loaded successfully for user: test
[04-Aug-2025 16:28:53 UTC] Database connection established successfully at 2025-08-04 16:28:53
[04-Aug-2025 21:58:53 Asia/Kolkata] [Aug 04, 2025 - 09:58 PM IST] SportsMeet Manager functions.php loaded successfully for user: test
[04-Aug-2025 16:29:06 UTC] Database connection established successfully at 2025-08-04 16:29:06
[04-Aug-2025 21:59:06 Asia/Kolkata] [Aug 04, 2025 - 09:59 PM IST] SportsMeet Manager functions.php loaded successfully for user: test
[04-Aug-2025 16:29:13 UTC] Database connection established successfully at 2025-08-04 16:29:13
[04-Aug-2025 21:59:13 Asia/Kolkata] [Aug 04, 2025 - 09:59 PM IST] SportsMeet Manager functions.php loaded successfully for user: System Administrator
[04-Aug-2025 16:29:17 UTC] Database connection established successfully at 2025-08-04 16:29:17
[04-Aug-2025 21:59:17 Asia/Kolkata] [Aug 04, 2025 - 09:59 PM IST] SportsMeet Manager functions.php loaded successfully for user: System Administrator
[04-Aug-2025 16:29:19 UTC] Database connection established successfully at 2025-08-04 16:29:19
[04-Aug-2025 21:59:19 Asia/Kolkata] [Aug 04, 2025 - 09:59 PM IST] SportsMeet Manager functions.php loaded successfully for user: System Administrator
[04-Aug-2025 16:29:25 UTC] Database connection established successfully at 2025-08-04 16:29:25
[04-Aug-2025 21:59:25 Asia/Kolkata] [Aug 04, 2025 - 09:59 PM IST] SportsMeet Manager functions.php loaded successfully for user: System Administrator
[04-Aug-2025 16:29:27 UTC] Database connection established successfully at 2025-08-04 16:29:27
[04-Aug-2025 21:59:27 Asia/Kolkata] [Aug 04, 2025 - 09:59 PM IST] SportsMeet Manager functions.php loaded successfully for user: System Administrator
[04-Aug-2025 16:29:33 UTC] Database connection established successfully at 2025-08-04 16:29:33
[04-Aug-2025 21:59:33 Asia/Kolkata] [Aug 04, 2025 - 09:59 PM IST] SportsMeet Manager functions.php loaded successfully for user: test
[04-Aug-2025 16:29:35 UTC] Database connection established successfully at 2025-08-04 16:29:35
[04-Aug-2025 21:59:36 Asia/Kolkata] [Aug 04, 2025 - 09:59 PM IST] SportsMeet Manager functions.php loaded successfully for user: test
[04-Aug-2025 16:29:41 UTC] Database connection established successfully at 2025-08-04 16:29:41
[04-Aug-2025 21:59:41 Asia/Kolkata] [Aug 04, 2025 - 09:59 PM IST] SportsMeet Manager functions.php loaded successfully for user: test
[04-Aug-2025 16:29:44 UTC] Database connection established successfully at 2025-08-04 16:29:44
[04-Aug-2025 21:59:44 Asia/Kolkata] [Aug 04, 2025 - 09:59 PM IST] SportsMeet Manager functions.php loaded successfully for user: test
[04-Aug-2025 16:29:46 UTC] Database connection established successfully at 2025-08-04 16:29:46
[04-Aug-2025 21:59:46 Asia/Kolkata] [Aug 04, 2025 - 09:59 PM IST] SportsMeet Manager functions.php loaded successfully for user: test
[04-Aug-2025 16:39:17 UTC] Database connection established successfully at 2025-08-04 16:39:17
[04-Aug-2025 22:09:17 Asia/Kolkata] [Aug 04, 2025 - 10:09 PM IST] SportsMeet Manager functions.php loaded successfully for user: System Administrator
[04-Aug-2025 16:39:19 UTC] Database connection established successfully at 2025-08-04 16:39:19
[04-Aug-2025 16:39:21 UTC] Database connection established successfully at 2025-08-04 16:39:21
[04-Aug-2025 22:09:21 Asia/Kolkata] [Aug 04, 2025 - 10:09 PM IST] SportsMeet Manager functions.php loaded successfully for user: Guest
[04-Aug-2025 16:39:23 UTC] Database connection established successfully at 2025-08-04 16:39:23
[04-Aug-2025 22:09:23 Asia/Kolkata] [Aug 04, 2025 - 10:09 PM IST] SportsMeet Manager functions.php loaded successfully for user: Guest
[06-Aug-2025 04:15:59 UTC] Database connection established successfully at 2025-08-06 04:15:59
[06-Aug-2025 09:45:59 Asia/Kolkata] [Aug 06, 2025 - 09:45 AM IST] SportsMeet Manager functions.php loaded successfully for user: Guest
[06-Aug-2025 04:16:20 UTC] Database connection established successfully at 2025-08-06 04:16:20
[06-Aug-2025 09:46:20 Asia/Kolkata] [Aug 06, 2025 - 09:46 AM IST] SportsMeet Manager functions.php loaded successfully for user: Guest
[06-Aug-2025 04:16:21 UTC] Database connection established successfully at 2025-08-06 04:16:21
[06-Aug-2025 09:46:21 Asia/Kolkata] [Aug 06, 2025 - 09:46 AM IST] SportsMeet Manager functions.php loaded successfully for user: Guest
[06-Aug-2025 04:16:23 UTC] Database connection established successfully at 2025-08-06 04:16:23
[06-Aug-2025 09:46:23 Asia/Kolkata] [Aug 06, 2025 - 09:46 AM IST] SportsMeet Manager functions.php loaded successfully for user: Guest
[06-Aug-2025 04:16:43 UTC] Database connection established successfully at 2025-08-06 04:16:43
[06-Aug-2025 09:46:43 Asia/Kolkata] [Aug 06, 2025 - 09:46 AM IST] SportsMeet Manager functions.php loaded successfully for user: Guest
[06-Aug-2025 04:16:43 UTC] Database connection established successfully at 2025-08-06 04:16:43
[06-Aug-2025 09:46:43 Asia/Kolkata] [Aug 06, 2025 - 09:46 AM IST] SportsMeet Manager functions.php loaded successfully for user: Guest
[06-Aug-2025 04:16:50 UTC] Database connection established successfully at 2025-08-06 04:16:50
[06-Aug-2025 09:46:50 Asia/Kolkata] [Aug 06, 2025 - 09:46 AM IST] SportsMeet Manager functions.php loaded successfully for user: Guest
[06-Aug-2025 04:16:50 UTC] Database connection established successfully at 2025-08-06 04:16:50
[06-Aug-2025 09:46:50 Asia/Kolkata] [Aug 06, 2025 - 09:46 AM IST] SportsMeet Manager functions.php loaded successfully for user: System Administrator
[06-Aug-2025 04:16:56 UTC] Database connection established successfully at 2025-08-06 04:16:56
[06-Aug-2025 09:46:56 Asia/Kolkata] [Aug 06, 2025 - 09:46 AM IST] SportsMeet Manager functions.php loaded successfully for user: System Administrator
[06-Aug-2025 04:16:59 UTC] Database connection established successfully at 2025-08-06 04:16:59
[06-Aug-2025 09:46:59 Asia/Kolkata] [Aug 06, 2025 - 09:46 AM IST] SportsMeet Manager functions.php loaded successfully for user: System Administrator
[06-Aug-2025 04:17:02 UTC] Database connection established successfully at 2025-08-06 04:17:02
[06-Aug-2025 09:47:02 Asia/Kolkata] [Aug 06, 2025 - 09:47 AM IST] SportsMeet Manager functions.php loaded successfully for user: System Administrator
[06-Aug-2025 04:17:06 UTC] Database connection established successfully at 2025-08-06 04:17:06
[06-Aug-2025 09:47:06 Asia/Kolkata] [Aug 06, 2025 - 09:47 AM IST] SportsMeet Manager functions.php loaded successfully for user: System Administrator
[06-Aug-2025 04:17:10 UTC] Database connection established successfully at 2025-08-06 04:17:10
[06-Aug-2025 09:47:10 Asia/Kolkata] [Aug 06, 2025 - 09:47 AM IST] SportsMeet Manager functions.php loaded successfully for user: System Administrator
[06-Aug-2025 04:17:23 UTC] Database connection established successfully at 2025-08-06 04:17:23
[06-Aug-2025 09:47:23 Asia/Kolkata] [Aug 06, 2025 - 09:47 AM IST] SportsMeet Manager functions.php loaded successfully for user: System Administrator
[06-Aug-2025 04:17:25 UTC] Database connection established successfully at 2025-08-06 04:17:25
[06-Aug-2025 09:47:25 Asia/Kolkata] [Aug 06, 2025 - 09:47 AM IST] SportsMeet Manager functions.php loaded successfully for user: System Administrator
[06-Aug-2025 04:17:33 UTC] Database connection established successfully at 2025-08-06 04:17:33
[06-Aug-2025 09:47:33 Asia/Kolkata] [Aug 06, 2025 - 09:47 AM IST] SportsMeet Manager functions.php loaded successfully for user: System Administrator
[06-Aug-2025 04:17:34 UTC] Database connection established successfully at 2025-08-06 04:17:34
[06-Aug-2025 09:47:34 Asia/Kolkata] [Aug 06, 2025 - 09:47 AM IST] SportsMeet Manager functions.php loaded successfully for user: System Administrator
[06-Aug-2025 04:17:35 UTC] Database connection established successfully at 2025-08-06 04:17:35
[06-Aug-2025 09:47:35 Asia/Kolkata] [Aug 06, 2025 - 09:47 AM IST] SportsMeet Manager functions.php loaded successfully for user: System Administrator
[06-Aug-2025 04:17:45 UTC] Database connection established successfully at 2025-08-06 04:17:45
[06-Aug-2025 09:47:45 Asia/Kolkata] [Aug 06, 2025 - 09:47 AM IST] SportsMeet Manager functions.php loaded successfully for user: System Administrator
[06-Aug-2025 04:17:47 UTC] Database connection established successfully at 2025-08-06 04:17:47
[06-Aug-2025 09:47:47 Asia/Kolkata] [Aug 06, 2025 - 09:47 AM IST] SportsMeet Manager functions.php loaded successfully for user: System Administrator
[06-Aug-2025 04:17:49 UTC] Database connection established successfully at 2025-08-06 04:17:49
[06-Aug-2025 09:47:49 Asia/Kolkata] [Aug 06, 2025 - 09:47 AM IST] SportsMeet Manager functions.php loaded successfully for user: System Administrator
[06-Aug-2025 04:17:49 UTC] Database connection established successfully at 2025-08-06 04:17:49
[06-Aug-2025 09:47:49 Asia/Kolkata] [Aug 06, 2025 - 09:47 AM IST] SportsMeet Manager functions.php loaded successfully for user: System Administrator
[06-Aug-2025 04:17:53 UTC] Database connection established successfully at 2025-08-06 04:17:53
[06-Aug-2025 09:47:53 Asia/Kolkata] [Aug 06, 2025 - 09:47 AM IST] SportsMeet Manager functions.php loaded successfully for user: System Administrator
[06-Aug-2025 04:17:53 UTC] Database connection established successfully at 2025-08-06 04:17:53
[06-Aug-2025 09:47:53 Asia/Kolkata] [Aug 06, 2025 - 09:47 AM IST] SportsMeet Manager functions.php loaded successfully for user: System Administrator
[06-Aug-2025 04:17:57 UTC] Database connection established successfully at 2025-08-06 04:17:57
[06-Aug-2025 09:47:57 Asia/Kolkata] [Aug 06, 2025 - 09:47 AM IST] SportsMeet Manager functions.php loaded successfully for user: System Administrator
[06-Aug-2025 04:18:00 UTC] Database connection established successfully at 2025-08-06 04:18:00
[06-Aug-2025 09:48:00 Asia/Kolkata] [Aug 06, 2025 - 09:48 AM IST] SportsMeet Manager functions.php loaded successfully for user: System Administrator
[06-Aug-2025 04:18:01 UTC] Database connection established successfully at 2025-08-06 04:18:01
[06-Aug-2025 09:48:01 Asia/Kolkata] [Aug 06, 2025 - 09:48 AM IST] SportsMeet Manager functions.php loaded successfully for user: System Administrator
[06-Aug-2025 04:18:06 UTC] Database connection established successfully at 2025-08-06 04:18:06
[06-Aug-2025 09:48:06 Asia/Kolkata] [Aug 06, 2025 - 09:48 AM IST] SportsMeet Manager functions.php loaded successfully for user: System Administrator
[06-Aug-2025 04:18:08 UTC] Database connection established successfully at 2025-08-06 04:18:08
[06-Aug-2025 09:48:08 Asia/Kolkata] [Aug 06, 2025 - 09:48 AM IST] SportsMeet Manager functions.php loaded successfully for user: System Administrator
[06-Aug-2025 04:18:21 UTC] Database connection established successfully at 2025-08-06 04:18:21
[06-Aug-2025 09:48:21 Asia/Kolkata] [Aug 06, 2025 - 09:48 AM IST] SportsMeet Manager functions.php loaded successfully for user: System Administrator
[06-Aug-2025 04:18:24 UTC] Database connection established successfully at 2025-08-06 04:18:24
[06-Aug-2025 09:48:24 Asia/Kolkata] [Aug 06, 2025 - 09:48 AM IST] SportsMeet Manager functions.php loaded successfully for user: System Administrator
[06-Aug-2025 04:18:30 UTC] Database connection established successfully at 2025-08-06 04:18:30
[06-Aug-2025 09:48:30 Asia/Kolkata] [Aug 06, 2025 - 09:48 AM IST] SportsMeet Manager functions.php loaded successfully for user: System Administrator
[06-Aug-2025 04:18:31 UTC] Database connection established successfully at 2025-08-06 04:18:31
[06-Aug-2025 09:48:31 Asia/Kolkata] [Aug 06, 2025 - 09:48 AM IST] SportsMeet Manager functions.php loaded successfully for user: System Administrator
[06-Aug-2025 04:18:36 UTC] Database connection established successfully at 2025-08-06 04:18:36
[06-Aug-2025 09:48:36 Asia/Kolkata] [Aug 06, 2025 - 09:48 AM IST] SportsMeet Manager functions.php loaded successfully for user: System Administrator
[06-Aug-2025 04:18:40 UTC] Database connection established successfully at 2025-08-06 04:18:40
[06-Aug-2025 09:48:40 Asia/Kolkata] [Aug 06, 2025 - 09:48 AM IST] SportsMeet Manager functions.php loaded successfully for user: System Administrator
[06-Aug-2025 04:18:43 UTC] Database connection established successfully at 2025-08-06 04:18:43
[06-Aug-2025 04:18:49 UTC] Database connection established successfully at 2025-08-06 04:18:49
[06-Aug-2025 09:48:49 Asia/Kolkata] [Aug 06, 2025 - 09:48 AM IST] SportsMeet Manager functions.php loaded successfully for user: Guest
[06-Aug-2025 04:18:57 UTC] Database connection established successfully at 2025-08-06 04:18:57
[06-Aug-2025 09:48:57 Asia/Kolkata] [Aug 06, 2025 - 09:48 AM IST] SportsMeet Manager functions.php loaded successfully for user: Guest
[06-Aug-2025 04:18:57 UTC] Database connection established successfully at 2025-08-06 04:18:57
[06-Aug-2025 09:48:57 Asia/Kolkata] [Aug 06, 2025 - 09:48 AM IST] SportsMeet Manager functions.php loaded successfully for user: test
[06-Aug-2025 04:19:00 UTC] Database connection established successfully at 2025-08-06 04:19:00
[06-Aug-2025 09:49:00 Asia/Kolkata] [Aug 06, 2025 - 09:49 AM IST] SportsMeet Manager functions.php loaded successfully for user: Guest
[06-Aug-2025 04:19:13 UTC] Database connection established successfully at 2025-08-06 04:19:13
[06-Aug-2025 09:49:13 Asia/Kolkata] [Aug 06, 2025 - 09:49 AM IST] SportsMeet Manager functions.php loaded successfully for user: test
[06-Aug-2025 04:19:18 UTC] Database connection established successfully at 2025-08-06 04:19:18
[06-Aug-2025 04:19:18 UTC] Database cleanup completed
[06-Aug-2025 09:49:18 Asia/Kolkata] [Aug 06, 2025 - 09:49 AM IST] SportsMeet Manager functions.php loaded successfully for user: test
[06-Aug-2025 04:19:22 UTC] Database connection established successfully at 2025-08-06 04:19:22
[06-Aug-2025 09:49:22 Asia/Kolkata] [Aug 06, 2025 - 09:49 AM IST] SportsMeet Manager functions.php loaded successfully for user: Guest
[06-Aug-2025 04:19:27 UTC] Database connection established successfully at 2025-08-06 04:19:27
[06-Aug-2025 09:49:27 Asia/Kolkata] [Aug 06, 2025 - 09:49 AM IST] SportsMeet Manager functions.php loaded successfully for user: Guest
[06-Aug-2025 04:19:27 UTC] Database connection established successfully at 2025-08-06 04:19:27
[06-Aug-2025 09:49:27 Asia/Kolkata] [Aug 06, 2025 - 09:49 AM IST] SportsMeet Manager functions.php loaded successfully for user: System Administrator
[06-Aug-2025 04:19:31 UTC] Database connection established successfully at 2025-08-06 04:19:31
[06-Aug-2025 09:49:31 Asia/Kolkata] [Aug 06, 2025 - 09:49 AM IST] SportsMeet Manager functions.php loaded successfully for user: System Administrator
[06-Aug-2025 04:19:44 UTC] Database connection established successfully at 2025-08-06 04:19:44
[06-Aug-2025 09:49:44 Asia/Kolkata] [Aug 06, 2025 - 09:49 AM IST] SportsMeet Manager functions.php loaded successfully for user: test
[06-Aug-2025 04:19:58 UTC] Database connection established successfully at 2025-08-06 04:19:58
[06-Aug-2025 09:49:58 Asia/Kolkata] [Aug 06, 2025 - 09:49 AM IST] SportsMeet Manager functions.php loaded successfully for user: System Administrator
[06-Aug-2025 04:20:00 UTC] Database connection established successfully at 2025-08-06 04:20:00
[06-Aug-2025 09:50:00 Asia/Kolkata] [Aug 06, 2025 - 09:50 AM IST] SportsMeet Manager functions.php loaded successfully for user: System Administrator
[06-Aug-2025 04:20:04 UTC] Database connection established successfully at 2025-08-06 04:20:04
[06-Aug-2025 09:50:04 Asia/Kolkata] [Aug 06, 2025 - 09:50 AM IST] SportsMeet Manager functions.php loaded successfully for user: System Administrator
[06-Aug-2025 04:20:05 UTC] Database connection established successfully at 2025-08-06 04:20:05
[06-Aug-2025 09:50:05 Asia/Kolkata] [Aug 06, 2025 - 09:50 AM IST] SportsMeet Manager functions.php loaded successfully for user: System Administrator
[06-Aug-2025 04:20:11 UTC] Database connection established successfully at 2025-08-06 04:20:11
[06-Aug-2025 09:50:11 Asia/Kolkata] [Aug 06, 2025 - 09:50 AM IST] SportsMeet Manager functions.php loaded successfully for user: System Administrator
[06-Aug-2025 04:20:14 UTC] Database connection established successfully at 2025-08-06 04:20:14
[06-Aug-2025 09:50:14 Asia/Kolkata] [Aug 06, 2025 - 09:50 AM IST] SportsMeet Manager functions.php loaded successfully for user: System Administrator
[06-Aug-2025 04:20:19 UTC] Database connection established successfully at 2025-08-06 04:20:19
[06-Aug-2025 09:50:19 Asia/Kolkata] [Aug 06, 2025 - 09:50 AM IST] SportsMeet Manager functions.php loaded successfully for user: System Administrator
[06-Aug-2025 04:20:22 UTC] Database connection established successfully at 2025-08-06 04:20:22
[06-Aug-2025 09:50:22 Asia/Kolkata] [Aug 06, 2025 - 09:50 AM IST] SportsMeet Manager functions.php loaded successfully for user: System Administrator
[06-Aug-2025 04:20:24 UTC] Database connection established successfully at 2025-08-06 04:20:24
[06-Aug-2025 09:50:24 Asia/Kolkata] [Aug 06, 2025 - 09:50 AM IST] SportsMeet Manager functions.php loaded successfully for user: System Administrator
[06-Aug-2025 04:20:26 UTC] Database connection established successfully at 2025-08-06 04:20:26
[06-Aug-2025 09:50:26 Asia/Kolkata] [Aug 06, 2025 - 09:50 AM IST] SportsMeet Manager functions.php loaded successfully for user: System Administrator
[06-Aug-2025 04:20:27 UTC] Database connection established successfully at 2025-08-06 04:20:27
[06-Aug-2025 09:50:27 Asia/Kolkata] [Aug 06, 2025 - 09:50 AM IST] SportsMeet Manager functions.php loaded successfully for user: System Administrator
[06-Aug-2025 04:20:28 UTC] Database connection established successfully at 2025-08-06 04:20:28
[06-Aug-2025 09:50:28 Asia/Kolkata] [Aug 06, 2025 - 09:50 AM IST] SportsMeet Manager functions.php loaded successfully for user: System Administrator
[06-Aug-2025 04:20:34 UTC] Database connection established successfully at 2025-08-06 04:20:34
[06-Aug-2025 09:50:34 Asia/Kolkata] [Aug 06, 2025 - 09:50 AM IST] SportsMeet Manager functions.php loaded successfully for user: System Administrator
[06-Aug-2025 04:20:36 UTC] Database connection established successfully at 2025-08-06 04:20:36
[06-Aug-2025 09:50:36 Asia/Kolkata] [Aug 06, 2025 - 09:50 AM IST] SportsMeet Manager functions.php loaded successfully for user: System Administrator
[06-Aug-2025 04:20:37 UTC] Database connection established successfully at 2025-08-06 04:20:37
[06-Aug-2025 09:50:37 Asia/Kolkata] [Aug 06, 2025 - 09:50 AM IST] SportsMeet Manager functions.php loaded successfully for user: System Administrator
[06-Aug-2025 04:20:38 UTC] Database connection established successfully at 2025-08-06 04:20:38
[06-Aug-2025 09:50:38 Asia/Kolkata] [Aug 06, 2025 - 09:50 AM IST] SportsMeet Manager functions.php loaded successfully for user: System Administrator
[06-Aug-2025 04:20:42 UTC] Database connection established successfully at 2025-08-06 04:20:42
[06-Aug-2025 09:50:42 Asia/Kolkata] [Aug 06, 2025 - 09:50 AM IST] SportsMeet Manager functions.php loaded successfully for user: System Administrator
[06-Aug-2025 04:20:43 UTC] Database connection established successfully at 2025-08-06 04:20:43
[06-Aug-2025 09:50:43 Asia/Kolkata] [Aug 06, 2025 - 09:50 AM IST] SportsMeet Manager functions.php loaded successfully for user: System Administrator
[06-Aug-2025 04:20:43 UTC] Database connection established successfully at 2025-08-06 04:20:43
[06-Aug-2025 09:50:43 Asia/Kolkata] [Aug 06, 2025 - 09:50 AM IST] SportsMeet Manager functions.php loaded successfully for user: System Administrator
[06-Aug-2025 15:16:14 UTC] Database connection established successfully at 2025-08-06 15:16:14
[06-Aug-2025 20:46:14 Asia/Kolkata] [Aug 06, 2025 - 08:46 PM IST] SportsMeet Manager functions.php loaded successfully for user: test
[06-Aug-2025 15:16:18 UTC] Database connection established successfully at 2025-08-06 15:16:18
[06-Aug-2025 15:16:19 UTC] Database connection established successfully at 2025-08-06 15:16:19
[06-Aug-2025 20:46:19 Asia/Kolkata] [Aug 06, 2025 - 08:46 PM IST] SportsMeet Manager functions.php loaded successfully for user: Guest
[06-Aug-2025 15:16:25 UTC] Database connection established successfully at 2025-08-06 15:16:25
[06-Aug-2025 20:46:25 Asia/Kolkata] [Aug 06, 2025 - 08:46 PM IST] SportsMeet Manager functions.php loaded successfully for user: Guest
[06-Aug-2025 15:16:25 UTC] Database connection established successfully at 2025-08-06 15:16:25
[06-Aug-2025 20:46:25 Asia/Kolkata] [Aug 06, 2025 - 08:46 PM IST] SportsMeet Manager functions.php loaded successfully for user: System Administrator
[06-Aug-2025 15:16:30 UTC] Database connection established successfully at 2025-08-06 15:16:30
[06-Aug-2025 15:16:31 UTC] Database connection established successfully at 2025-08-06 15:16:31
[06-Aug-2025 20:46:31 Asia/Kolkata] [Aug 06, 2025 - 08:46 PM IST] SportsMeet Manager functions.php loaded successfully for user: Guest
